joshuawilliams@gmail.com	joshuawilliams	&sr0nbRi61	2022-02-16 17:48:24.207695	created
ambermoore@yahoo.com	ambermoore	D!K@2Yp#Vk	2022-02-17 02:05:36.777701	created
cathygill@yahoo.com	cathygill	fpZi3P)1#7	2022-02-17 02:45:25.038362	created
toddbradley@gmail.com	toddbradley	TOR(6Y@vA3	2022-02-17 14:42:13.783862	created
jameswheeler@hotmail.com	jameswheeler	SPMa26QoE@	2022-02-17 14:54:14.038219	created
ashleymartin@yahoo.com	ashleymartin	@j8#FvRf4h	2022-02-17 14:59:00.846058	created
davidbernard@yahoo.com	davidbernard	439#m*Ep+l	2022-02-17 15:02:44.970628	created
brianwilson@gmail.com	brianwilson	15EBX8lT$z	2022-02-17 15:04:06.686901	created
katherinebarnes@gmail.com	katherinebarnes	OV6!Dvcw2)	2022-02-17 15:06:43.121567	created
monicasandoval@yahoo.com	monicasandoval	wl0p3YbG$C	2022-02-17 15:08:53.330234	created
amandacampbell@yahoo.com	amandacampbell	_27Irgn4ad	2022-02-17 15:13:11.057277	created
peterrodriguez@gmail.com	peterrodriguez	PM9)0%KrUS	2022-02-17 15:15:38.933997	created
justinolson@hotmail.com	justinolson	(6V6zy(dE7	2022-02-17 15:17:46.790460	created
kristopherhamilton@gmail.com	kristopherhamilton	_6ODNYpbAr	2022-02-17 15:19:28.436442	created
mikesmith@gmail.com	mikesmith	j1z^8QwP(b	2022-02-17 15:23:10.023315	created
joshuasilva@yahoo.com	joshuasilva	$y_9S2uU17	joshuasilva has been deleted	2022-02-17 15:28:22.091067	created
alisonlam@gmail.com	alisonlam	x86+NzVa$Z	2022-02-17 15:36:08.221148	created
alisonlam@gmail.com	alisonlam	x86+NzVa$Z	2022-02-17 15:36:15.378936	deleted
royhoward@yahoo.com	royhoward	d46Qv^Gr*k	2022-02-17 16:19:03.095566	created
royhoward@yahoo.com	royhoward	d46Qv^Gr*k	2022-02-17 16:19:09.752764	deleted
thomaswalker@hotmail.com	thomaswalker	_df3EgeJPz	2022-02-17 16:24:20.399041	created
thomaswalker@hotmail.com	thomaswalker	_df3EgeJPz	2022-02-17 16:24:26.830841	deleted
richardgonzalez@hotmail.com	richardgonzalez	!95^ZrczWm	2022-02-22 14:27:40.691665	created
richardgonzalez@hotmail.com	richardgonzalez	!95^ZrczWm	2022-02-22 14:27:45.931406	deleted
christinahartman@hotmail.com	christinahartman	7I)5^Ai*ki	2022-02-22 14:30:09.249248	created
christinahartman@hotmail.com	christinahartman	7I)5^Ai*ki	2022-02-22 14:30:24.279377	deleted
katrinachavez@hotmail.com	katrinachavez	1Gsh8qEhd*	2022-02-22 15:16:51.537629	created
katrinachavez@hotmail.com	katrinachavez	1Gsh8qEhd*	2022-02-22 15:16:57.901476	deleted
amandagreen@yahoo.com	amandagreen	3+7Al6QVOH	2022-02-22 15:18:29.389520	created
amandagreen@yahoo.com	amandagreen	3+7Al6QVOH	2022-02-22 15:18:35.831799	deleted
jeanettelittle@yahoo.com	jeanettelittle	LO&R2PQm_2	2022-02-22 15:19:38.957405	created
jeanettelittle@yahoo.com	jeanettelittle	LO&R2PQm_2	2022-02-22 15:19:45.128003	deleted
melaniereed@hotmail.com	melaniereed	%29mQSnv!l	2022-02-22 15:20:58.806439	created
tylerfranco@yahoo.com	tylerfranco	2S&8Kx8jaP	2022-02-22 15:22:24.887011	created
tylerfranco@yahoo.com	tylerfranco	2S&8Kx8jaP	2022-02-22 15:22:31.749926	deleted
clintonperez@yahoo.com	clintonperez	BS1jyPDy+5	2022-02-22 15:24:44.889669	created
clintonperez@yahoo.com	clintonperez	BS1jyPDy+5	2022-02-22 15:24:51.795091	deleted
justinglover@gmail.com	justinglover	r)g%8XPsPD	2022-02-22 15:27:19.304150	created
justinglover@gmail.com	justinglover	r)g%8XPsPD	2022-02-22 15:27:26.041520	deleted
michaeldiaz@hotmail.com	michaeldiaz	5kO*4vu_)5	2022-02-22 15:32:06.818186	created
donaldreyes@gmail.com	donaldreyes	S0Sgpq#b^$	2022-02-22 15:33:06.371028	created
jessicamoran@gmail.com	jessicamoran	U!T3NJa)t@	2022-02-22 15:35:58.877853	created
andrewsullivan@hotmail.com	andrewsullivan	0PFDfEnj#u	2022-02-22 15:37:50.430102	created
andrewsullivan@hotmail.com	andrewsullivan	0PFDfEnj#u	2022-02-22 15:38:06.462224	deleted
ginawarren@gmail.com	ginawarren	$Q_@9Osn_8	2022-02-22 15:43:00.047735	created
robertstephens@hotmail.com	robertstephens	wTh@3Vkh5H	2022-02-22 15:44:03.220958	created
robertstephens@hotmail.com	robertstephens	wTh@3Vkh5H	2022-02-22 15:44:29.538022	deleted
faithklein@gmail.com	faithklein	+m5GRrE3kn	2022-02-22 15:47:10.214000	created
faithklein@gmail.com	faithklein	+m5GRrE3kn	2022-02-22 15:47:24.357323	deleted
pamelachandler@hotmail.com	pamelachandler	bbZ3WEKpw%	2022-02-22 15:52:59.080263	created
pamelachandler@hotmail.com	pamelachandler	bbZ3WEKpw%	2022-02-22 15:53:12.843845	deleted
shelbysmith@gmail.com	shelbysmith	tMqIr7Ktv!	2022-02-22 15:55:23.950827	created
shelbysmith@gmail.com	shelbysmith	tMqIr7Ktv!	2022-02-22 15:55:35.738792	deleted
lindasmith@hotmail.com	lindasmith	@3()4GSaJ4	2022-02-25 15:56:55.481490	created
lindasmith@hotmail.com	lindasmith	@3()4GSaJ4	2022-02-25 15:57:07.506714	deleted
josephparker@hotmail.com	josephparker	b)e7QbkG2H	2022-02-25 15:58:41.689056	created
josephparker@hotmail.com	josephparker	b)e7QbkG2H	2022-02-25 15:58:53.797424	deleted
timothyobrien@gmail.com	timothyobrien	wPEj_p^L@6	2022-02-25 16:07:38.443850	created
timothyobrien@gmail.com	timothyobrien	wPEj_p^L@6	2022-02-25 16:07:50.748926	deleted
